<?xml version="1.0" encoding="UTF-8"?>
<!-- Generated by org.testng.reporters.JUnitXMLReporter -->
<testsuite ignored="0" hostname="LAPTOP-92EUTB0V" failures="0" tests="3" name="HomePageTest" time="5.19" errors="0" timestamp="2024-07-20T23:37:46 IST">
  <testcase classname="com.Amazon.TestCases.HomePageTestCase" name="verifyUrl" time="0.025"/>
  <testcase classname="com.Amazon.TestCases.HomePageTestCase" name="verifyTitle" time="0.019"/>
  <testcase classname="com.Amazon.TestCases.HomePageTestCase" name="verifySigninLink" time="1.015"/>
</testsuite> <!-- HomePageTest -->
