<?xml version="1.0" encoding="UTF-8"?>
<!-- Generated by org.testng.reporters.JUnitXMLReporter -->
<testsuite ignored="0" hostname="LAPTOP-92EUTB0V" failures="0" tests="3" name="HomePageTest" time="13.554" errors="0" timestamp="2024-07-21T21:10:46 IST">
  <testcase classname="com.Amazon.TestCases.HomePageTestCase" name="verifyUrl" time="0.033"/>
  <testcase classname="com.Amazon.TestCases.HomePageTestCase" name="verifyTitle" time="0.043"/>
  <testcase classname="com.Amazon.TestCases.HomePageTestCase" name="verifySigninLink" time="1.822"/>
</testsuite> <!-- HomePageTest -->
