<?xml version="1.0" encoding="UTF-8"?>
<!-- Generated by org.testng.reporters.JUnitXMLReporter -->
<testsuite ignored="0" hostname="LAPTOP-92EUTB0V" failures="0" tests="3" name="HomePageTest" time="6.327" errors="0" timestamp="2024-07-21T00:08:37 IST">
  <testcase classname="com.Amazon.TestCases.HomePageTestCase" name="verifyUrl" time="0.028"/>
  <testcase classname="com.Amazon.TestCases.HomePageTestCase" name="verifyTitle" time="0.026"/>
  <testcase classname="com.Amazon.TestCases.HomePageTestCase" name="verifySigninLink" time="1.328"/>
</testsuite> <!-- HomePageTest -->
