<?xml version="1.0" encoding="UTF-8"?>
<testng-results ignored="0" total="4" passed="4" failed="0" skipped="0">
  <reporter-output>
  </reporter-output>
  <suite started-at="2024-07-21T00:08:30 IST" name="Suite" finished-at="2024-07-21T00:08:43 IST" duration-ms="12658">
    <groups>
    </groups>
    <test started-at="2024-07-21T00:08:30 IST" name="HomePageTest" finished-at="2024-07-21T00:08:37 IST" duration-ms="6327">
      <class name="com.Amazon.TestCases.HomePageTestCase">
        <test-method is-config="true" signature="setup()[pri:0, instance:com.Amazon.TestCases.HomePageTestCase@21de60b4]" started-at="2024-07-21T00:08:30 IST" name="setup" finished-at="2024-07-21T00:08:35 IST" duration-ms="4865" status="PASS">
          <reporter-output>
          </reporter-output>
        </test-method> <!-- setup -->
        <test-method signature="verifyUrl()[pri:1, instance:com.Amazon.TestCases.HomePageTestCase@21de60b4]" started-at="2024-07-21T00:08:35 IST" name="verifyUrl" finished-at="2024-07-21T00:08:35 IST" duration-ms="28" status="PASS">
          <reporter-output>
          </reporter-output>
        </test-method> <!-- verifyUrl -->
        <test-method signature="verifyTitle()[pri:2, instance:com.Amazon.TestCases.HomePageTestCase@21de60b4]" started-at="2024-07-21T00:08:35 IST" name="verifyTitle" finished-at="2024-07-21T00:08:35 IST" duration-ms="26" status="PASS">
          <reporter-output>
          </reporter-output>
        </test-method> <!-- verifyTitle -->
        <test-method signature="verifySigninLink()[pri:3, instance:com.Amazon.TestCases.HomePageTestCase@21de60b4]" started-at="2024-07-21T00:08:35 IST" name="verifySigninLink" finished-at="2024-07-21T00:08:37 IST" duration-ms="1328" status="PASS">
          <reporter-output>
          </reporter-output>
        </test-method> <!-- verifySigninLink -->
      </class> <!-- com.Amazon.TestCases.HomePageTestCase -->
    </test> <!-- HomePageTest -->
    <test started-at="2024-07-21T00:08:37 IST" name="LoginPageTest" finished-at="2024-07-21T00:08:43 IST" duration-ms="6287">
      <class name="com.Amazon.TestCases.LoginPageTestcase">
        <test-method is-config="true" signature="setup()[pri:0, instance:com.Amazon.TestCases.LoginPageTestcase@1ab3a8c8]" started-at="2024-07-21T00:08:37 IST" name="setup" finished-at="2024-07-21T00:08:40 IST" duration-ms="3948" status="PASS">
          <reporter-output>
          </reporter-output>
        </test-method> <!-- setup -->
        <test-method is-config="true" signature="pageSetup()[pri:0, instance:com.Amazon.TestCases.LoginPageTestcase@1ab3a8c8]" started-at="2024-07-21T00:08:40 IST" name="pageSetup" finished-at="2024-07-21T00:08:42 IST" duration-ms="1267" status="PASS">
          <reporter-output>
          </reporter-output>
        </test-method> <!-- pageSetup -->
        <test-method signature="ValidateLogin()[pri:0, instance:com.Amazon.TestCases.LoginPageTestcase@1ab3a8c8]" started-at="2024-07-21T00:08:42 IST" name="ValidateLogin" finished-at="2024-07-21T00:08:43 IST" duration-ms="1069" status="PASS">
          <reporter-output>
          </reporter-output>
        </test-method> <!-- ValidateLogin -->
      </class> <!-- com.Amazon.TestCases.LoginPageTestcase -->
    </test> <!-- LoginPageTest -->
  </suite> <!-- Suite -->
</testng-results>
