<?xml version="1.0" encoding="UTF-8"?>
<testng-results ignored="0" total="4" passed="4" failed="0" skipped="0">
  <reporter-output>
  </reporter-output>
  <suite started-at="2024-07-21T21:32:22 IST" name="Suite" finished-at="2024-07-21T21:32:33 IST" duration-ms="11162">
    <groups>
    </groups>
    <test started-at="2024-07-21T21:32:22 IST" name="HomePageTest" finished-at="2024-07-21T21:32:28 IST" duration-ms="5463">
      <class name="com.Amazon.TestCases.HomePageTestCase">
        <test-method is-config="true" signature="setup()[pri:0, instance:com.Amazon.TestCases.HomePageTestCase@30ee2816]" started-at="2024-07-21T21:32:22 IST" name="setup" finished-at="2024-07-21T21:32:26 IST" duration-ms="3872" status="PASS">
          <reporter-output>
          </reporter-output>
        </test-method> <!-- setup -->
        <test-method signature="verifyUrl()[pri:1, instance:com.Amazon.TestCases.HomePageTestCase@30ee2816]" started-at="2024-07-21T21:32:26 IST" name="verifyUrl" finished-at="2024-07-21T21:32:26 IST" duration-ms="25" status="PASS">
          <reporter-output>
          </reporter-output>
        </test-method> <!-- verifyUrl -->
        <test-method signature="verifyTitle()[pri:2, instance:com.Amazon.TestCases.HomePageTestCase@30ee2816]" started-at="2024-07-21T21:32:26 IST" name="verifyTitle" finished-at="2024-07-21T21:32:26 IST" duration-ms="28" status="PASS">
          <reporter-output>
          </reporter-output>
        </test-method> <!-- verifyTitle -->
        <test-method signature="verifySigninLink()[pri:3, instance:com.Amazon.TestCases.HomePageTestCase@30ee2816]" started-at="2024-07-21T21:32:26 IST" name="verifySigninLink" finished-at="2024-07-21T21:32:28 IST" duration-ms="1492" status="PASS">
          <reporter-output>
          </reporter-output>
        </test-method> <!-- verifySigninLink -->
      </class> <!-- com.Amazon.TestCases.HomePageTestCase -->
    </test> <!-- HomePageTest -->
    <test started-at="2024-07-21T21:32:28 IST" name="LoginPageTest" finished-at="2024-07-21T21:32:33 IST" duration-ms="5665">
      <class name="com.Amazon.TestCases.LoginPageTestcase">
        <test-method is-config="true" signature="setup()[pri:0, instance:com.Amazon.TestCases.LoginPageTestcase@479d31f3]" started-at="2024-07-21T21:32:28 IST" name="setup" finished-at="2024-07-21T21:32:30 IST" duration-ms="2810" status="PASS">
          <reporter-output>
          </reporter-output>
        </test-method> <!-- setup -->
        <test-method is-config="true" signature="pageSetup()[pri:0, instance:com.Amazon.TestCases.LoginPageTestcase@479d31f3]" started-at="2024-07-21T21:32:30 IST" name="pageSetup" finished-at="2024-07-21T21:32:32 IST" duration-ms="2032" status="PASS">
          <reporter-output>
          </reporter-output>
        </test-method> <!-- pageSetup -->
        <test-method signature="ValidateLogin()[pri:0, instance:com.Amazon.TestCases.LoginPageTestcase@479d31f3]" started-at="2024-07-21T21:32:32 IST" name="ValidateLogin" finished-at="2024-07-21T21:32:33 IST" duration-ms="822" status="PASS">
          <reporter-output>
          </reporter-output>
        </test-method> <!-- ValidateLogin -->
      </class> <!-- com.Amazon.TestCases.LoginPageTestcase -->
    </test> <!-- LoginPageTest -->
  </suite> <!-- Suite -->
</testng-results>
