<?xml version="1.0" encoding="UTF-8"?>
<testng-results ignored="0" total="3" passed="3" failed="0" skipped="0">
  <reporter-output>
  </reporter-output>
  <suite started-at="2024-07-22T01:19:13 IST" name="Suite" finished-at="2024-07-22T01:19:40 IST" duration-ms="26836">
    <groups>
    </groups>
    <test started-at="2024-07-22T01:19:13 IST" name="ChromeTest" finished-at="2024-07-22T01:19:38 IST" duration-ms="24862">
      <class name="SeleniunGrid.ParallelTest">
        <test-method signature="crossBrowserTest(java.lang.String)[pri:0, instance:SeleniunGrid.ParallelTest@7ec7ffd3]" started-at="2024-07-22T01:19:13 IST" name="crossBrowserTest" finished-at="2024-07-22T01:19:38 IST" duration-ms="24768" status="PASS">
          <params>
            <param index="0">
              <value>
                <![CDATA[Chrome]]>
              </value>
            </param>
          </params>
          <reporter-output>
          </reporter-output>
        </test-method> <!-- crossBrowserTest -->
      </class> <!-- SeleniunGrid.ParallelTest -->
    </test> <!-- ChromeTest -->
    <test started-at="2024-07-22T01:19:13 IST" name="FirefoxTest" finished-at="2024-07-22T01:19:39 IST" duration-ms="26249">
      <class name="SeleniunGrid.ParallelTest">
        <test-method signature="crossBrowserTest(java.lang.String)[pri:0, instance:SeleniunGrid.ParallelTest@5c6648b0]" started-at="2024-07-22T01:19:13 IST" name="crossBrowserTest" finished-at="2024-07-22T01:19:39 IST" duration-ms="26165" status="PASS">
          <params>
            <param index="0">
              <value>
                <![CDATA[Firefox]]>
              </value>
            </param>
          </params>
          <reporter-output>
          </reporter-output>
        </test-method> <!-- crossBrowserTest -->
      </class> <!-- SeleniunGrid.ParallelTest -->
    </test> <!-- FirefoxTest -->
    <test started-at="2024-07-22T01:19:13 IST" name="EdgeTest" finished-at="2024-07-22T01:19:40 IST" duration-ms="26836">
      <class name="SeleniunGrid.ParallelTest">
        <test-method signature="crossBrowserTest(java.lang.String)[pri:0, instance:SeleniunGrid.ParallelTest@128d2484]" started-at="2024-07-22T01:19:13 IST" name="crossBrowserTest" finished-at="2024-07-22T01:19:40 IST" duration-ms="26751" status="PASS">
          <params>
            <param index="0">
              <value>
                <![CDATA[Edge]]>
              </value>
            </param>
          </params>
          <reporter-output>
          </reporter-output>
        </test-method> <!-- crossBrowserTest -->
      </class> <!-- SeleniunGrid.ParallelTest -->
    </test> <!-- EdgeTest -->
  </suite> <!-- Suite -->
</testng-results>
