<?xml version="1.0" encoding="UTF-8"?>
<testng-results ignored="0" total="4" passed="4" failed="0" skipped="0">
  <reporter-output>
  </reporter-output>
  <suite started-at="2024-07-21T21:10:32 IST" name="Suite" finished-at="2024-07-21T21:10:54 IST" duration-ms="21496">
    <groups>
    </groups>
    <test started-at="2024-07-21T21:10:32 IST" name="HomePageTest" finished-at="2024-07-21T21:10:46 IST" duration-ms="13554">
      <class name="com.Amazon.TestCases.HomePageTestCase">
        <test-method is-config="true" signature="setup()[pri:0, instance:com.Amazon.TestCases.HomePageTestCase@6adbc9d]" started-at="2024-07-21T21:10:32 IST" name="setup" finished-at="2024-07-21T21:10:44 IST" duration-ms="11582" status="PASS">
          <reporter-output>
          </reporter-output>
        </test-method> <!-- setup -->
        <test-method signature="verifyUrl()[pri:1, instance:com.Amazon.TestCases.HomePageTestCase@6adbc9d]" started-at="2024-07-21T21:10:44 IST" name="verifyUrl" finished-at="2024-07-21T21:10:44 IST" duration-ms="33" status="PASS">
          <reporter-output>
          </reporter-output>
        </test-method> <!-- verifyUrl -->
        <test-method signature="verifyTitle()[pri:2, instance:com.Amazon.TestCases.HomePageTestCase@6adbc9d]" started-at="2024-07-21T21:10:44 IST" name="verifyTitle" finished-at="2024-07-21T21:10:44 IST" duration-ms="43" status="PASS">
          <reporter-output>
          </reporter-output>
        </test-method> <!-- verifyTitle -->
        <test-method signature="verifySigninLink()[pri:3, instance:com.Amazon.TestCases.HomePageTestCase@6adbc9d]" started-at="2024-07-21T21:10:44 IST" name="verifySigninLink" finished-at="2024-07-21T21:10:46 IST" duration-ms="1822" status="PASS">
          <reporter-output>
          </reporter-output>
        </test-method> <!-- verifySigninLink -->
      </class> <!-- com.Amazon.TestCases.HomePageTestCase -->
    </test> <!-- HomePageTest -->
    <test started-at="2024-07-21T21:10:46 IST" name="LoginPageTest" finished-at="2024-07-21T21:10:54 IST" duration-ms="7849">
      <class name="com.Amazon.TestCases.LoginPageTestcase">
        <test-method is-config="true" signature="setup()[pri:0, instance:com.Amazon.TestCases.LoginPageTestcase@397fbdb]" started-at="2024-07-21T21:10:46 IST" name="setup" finished-at="2024-07-21T21:10:51 IST" duration-ms="4972" status="PASS">
          <reporter-output>
          </reporter-output>
        </test-method> <!-- setup -->
        <test-method is-config="true" signature="pageSetup()[pri:0, instance:com.Amazon.TestCases.LoginPageTestcase@397fbdb]" started-at="2024-07-21T21:10:51 IST" name="pageSetup" finished-at="2024-07-21T21:10:53 IST" duration-ms="1807" status="PASS">
          <reporter-output>
          </reporter-output>
        </test-method> <!-- pageSetup -->
        <test-method signature="ValidateLogin()[pri:0, instance:com.Amazon.TestCases.LoginPageTestcase@397fbdb]" started-at="2024-07-21T21:10:53 IST" name="ValidateLogin" finished-at="2024-07-21T21:10:54 IST" duration-ms="1065" status="PASS">
          <reporter-output>
          </reporter-output>
        </test-method> <!-- ValidateLogin -->
      </class> <!-- com.Amazon.TestCases.LoginPageTestcase -->
    </test> <!-- LoginPageTest -->
  </suite> <!-- Suite -->
</testng-results>
